2024-08-07 13:17:59.154 AWST [8112] LOG:  database system was shut down at 2024-08-07 13:17:28 AWST
2024-08-07 13:17:59.173 AWST [7340] LOG:  database system is ready to accept connections
2024-08-07 15:58:06.031 AWST [1272] LOG:  could not receive data from client: An existing connection was forcibly closed by the remote host.
	
2024-08-07 15:58:06.032 AWST [12332] LOG:  could not receive data from client: An existing connection was forcibly closed by the remote host.
	
2024-08-07 15:58:06.032 AWST [14212] LOG:  could not receive data from client: An existing connection was forcibly closed by the remote host.
	
2024-08-07 15:58:06.032 AWST [14880] LOG:  could not receive data from client: An existing connection was forcibly closed by the remote host.
	
2024-08-07 15:58:06.521 AWST [6324] LOG:  could not receive data from client: An existing connection was forcibly closed by the remote host.
	
2024-08-07 15:58:06.522 AWST [17288] LOG:  could not receive data from client: An existing connection was forcibly closed by the remote host.
	
2024-08-07 15:58:06.522 AWST [16664] LOG:  could not receive data from client: An existing connection was forcibly closed by the remote host.
	
2024-08-07 15:58:06.522 AWST [9772] LOG:  could not receive data from client: An existing connection was forcibly closed by the remote host.
	
2024-08-07 15:58:06.525 AWST [10356] LOG:  could not receive data from client: An existing connection was forcibly closed by the remote host.
	
2024-08-07 15:58:06.526 AWST [8692] LOG:  could not receive data from client: An existing connection was forcibly closed by the remote host.
	
2024-08-07 15:58:08.401 AWST [7340] LOG:  received fast shutdown request
2024-08-07 15:58:08.403 AWST [7340] LOG:  aborting any active transactions
2024-08-07 15:58:08.414 AWST [15372] FATAL:  terminating connection due to administrator command
2024-08-07 15:58:08.414 AWST [12512] FATAL:  terminating connection due to administrator command
2024-08-07 15:58:08.414 AWST [17944] FATAL:  terminating connection due to administrator command
2024-08-07 15:58:08.417 AWST [16840] FATAL:  terminating connection due to administrator command
2024-08-07 15:58:08.418 AWST [8124] ERROR:  canceling statement due to user request
2024-08-07 15:58:08.425 AWST [7340] LOG:  background worker "logical replication launcher" (PID 8124) exited with exit code 1
2024-08-07 15:58:08.431 AWST [14024] FATAL:  terminating connection due to administrator command
2024-08-07 15:58:08.432 AWST [8564] FATAL:  terminating connection due to administrator command
2024-08-07 15:58:08.432 AWST [11108] FATAL:  terminating connection due to administrator command
2024-08-07 15:58:08.452 AWST [11996] FATAL:  the database system is shutting down
2024-08-07 15:58:08.461 AWST [7412] LOG:  shutting down
2024-08-07 15:58:08.506 AWST [7340] LOG:  database system is shut down
